<?xml version="1.0" encoding="UTF-8"?>
<testsuite name="edu.montana.gsoc.msusel.rbml.RBMLDslSpec" tests="61" skipped="0" failures="31" errors="0" timestamp="2019-11-11T03:31:46" hostname="grifisaa-Latitude-7390" time="0.564">
  <properties/>
  <testcase name="testPattern" classname="edu.montana.gsoc.msusel.rbml.RBMLDslSpec" time="0.185"/>
  <testcase name="testPatternWithContents" classname="edu.montana.gsoc.msusel.rbml.RBMLDslSpec" time="0.018">
    <failure message="java.lang.RuntimeException: Failed to create component for 'ips' reason: org.codehaus.groovy.runtime.metaclass.MethodSelectionException: Could not find which method &lt;init&gt;() to invoke from this list:&#10;  public edu.montana.gsoc.msusel.rbml.model.Multiplicity#&lt;init&gt;(int)&#10;  public edu.montana.gsoc.msusel.rbml.model.Multiplicity#&lt;init&gt;(int, int)" type="java.lang.RuntimeException">java.lang.RuntimeException: Failed to create component for 'ips' reason: org.codehaus.groovy.runtime.metaclass.MethodSelectionException: Could not find which method &lt;init&gt;() to invoke from this list:
  public edu.montana.gsoc.msusel.rbml.model.Multiplicity#&lt;init&gt;(int)
  public edu.montana.gsoc.msusel.rbml.model.Multiplicity#&lt;init&gt;(int, int)
	at groovy.util.FactoryBuilderSupport.createNode(FactoryBuilderSupport.java:727)
	at groovy.util.FactoryBuilderSupport.dispatchNodeCall(FactoryBuilderSupport.java:863)
	at groovy.util.FactoryBuilderSupport.doInvokeMethod(FactoryBuilderSupport.java:787)
	at groovy.util.FactoryBuilderSupport.invokeMethod(FactoryBuilderSupport.java:507)
	at edu.montana.gsoc.msusel.rbml.RBMLDslSpec.testPatternWithContents_closure1(RBMLDslSpec.groovy:99)
	at edu.montana.gsoc.msusel.rbml.RBMLDslSpec.testPatternWithContents_closure1(RBMLDslSpec.groovy)
	at groovy.lang.Closure.call(Closure.java:405)
	at groovy.lang.Closure.call(Closure.java:399)
	at groovy.util.FactoryBuilderSupport.dispatchNodeCall(FactoryBuilderSupport.java:895)
	at groovy.util.FactoryBuilderSupport.doInvokeMethod(FactoryBuilderSupport.java:787)
	at groovy.util.FactoryBuilderSupport.invokeMethod(FactoryBuilderSupport.java:507)
	at edu.montana.gsoc.msusel.rbml.RBMLDslSpec.testPatternWithContents(RBMLDslSpec.groovy:97)
Caused by: org.codehaus.groovy.runtime.metaclass.MethodSelectionException: Could not find which method &lt;init&gt;() to invoke from this list:
  public edu.montana.gsoc.msusel.rbml.model.Multiplicity#&lt;init&gt;(int)
  public edu.montana.gsoc.msusel.rbml.model.Multiplicity#&lt;init&gt;(int, int)
	at edu.montana.gsoc.msusel.rbml.factory.IPSFactory.newInstance(IPSFactory.groovy:64)
	at groovy.util.FactoryBuilderSupport.createNode(FactoryBuilderSupport.java:717)
	... 11 more
</failure>
  </testcase>
  <testcase name="testSps" classname="edu.montana.gsoc.msusel.rbml.RBMLDslSpec" time="0.002"/>
  <testcase name="testSpsWithContents" classname="edu.montana.gsoc.msusel.rbml.RBMLDslSpec" time="0.002"/>
  <testcase name="testRoles" classname="edu.montana.gsoc.msusel.rbml.RBMLDslSpec" time="0.005"/>
  <testcase name="testRolesWithContents" classname="edu.montana.gsoc.msusel.rbml.RBMLDslSpec" time="0.05">
    <failure message="java.lang.RuntimeException: Failed to create component for 'classifier_role' reason: org.codehaus.groovy.runtime.metaclass.MethodSelectionException: Could not find which method &lt;init&gt;() to invoke from this list:&#10;  public edu.montana.gsoc.msusel.rbml.model.Multiplicity#&lt;init&gt;(int)&#10;  public edu.montana.gsoc.msusel.rbml.model.Multiplicity#&lt;init&gt;(int, int)" type="java.lang.RuntimeException">java.lang.RuntimeException: Failed to create component for 'classifier_role' reason: org.codehaus.groovy.runtime.metaclass.MethodSelectionException: Could not find which method &lt;init&gt;() to invoke from this list:
  public edu.montana.gsoc.msusel.rbml.model.Multiplicity#&lt;init&gt;(int)
  public edu.montana.gsoc.msusel.rbml.model.Multiplicity#&lt;init&gt;(int, int)
	at groovy.util.FactoryBuilderSupport.createNode(FactoryBuilderSupport.java:727)
	at groovy.util.FactoryBuilderSupport.dispatchNodeCall(FactoryBuilderSupport.java:863)
	at groovy.util.FactoryBuilderSupport.doInvokeMethod(FactoryBuilderSupport.java:787)
	at groovy.util.FactoryBuilderSupport.invokeMethod(FactoryBuilderSupport.java:507)
	at edu.montana.gsoc.msusel.rbml.RBMLDslSpec.testRolesWithContents_closure3(RBMLDslSpec.groovy:180)
	at edu.montana.gsoc.msusel.rbml.RBMLDslSpec.testRolesWithContents_closure3(RBMLDslSpec.groovy)
	at groovy.lang.Closure.call(Closure.java:405)
	at groovy.lang.Closure.call(Closure.java:399)
	at groovy.util.FactoryBuilderSupport.dispatchNodeCall(FactoryBuilderSupport.java:895)
	at groovy.util.FactoryBuilderSupport.doInvokeMethod(FactoryBuilderSupport.java:787)
	at groovy.util.FactoryBuilderSupport.invokeMethod(FactoryBuilderSupport.java:507)
	at edu.montana.gsoc.msusel.rbml.RBMLDslSpec.testRolesWithContents(RBMLDslSpec.groovy:179)
Caused by: org.codehaus.groovy.runtime.metaclass.MethodSelectionException: Could not find which method &lt;init&gt;() to invoke from this list:
  public edu.montana.gsoc.msusel.rbml.model.Multiplicity#&lt;init&gt;(int)
  public edu.montana.gsoc.msusel.rbml.model.Multiplicity#&lt;init&gt;(int, int)
	at edu.montana.gsoc.msusel.rbml.factory.ClassifierRoleFactory.newInstance(ClassifierRoleFactory.groovy:69)
	at groovy.util.FactoryBuilderSupport.createNode(FactoryBuilderSupport.java:717)
	... 11 more
</failure>
  </testcase>
  <testcase name="testGenHierarchy" classname="edu.montana.gsoc.msusel.rbml.RBMLDslSpec" time="0.004">
    <failure message="java.lang.RuntimeException: Failed to create component for 'gen_hierarchy' reason: groovy.lang.GroovyRuntimeException: Could not find matching constructor for: edu.montana.gsoc.msusel.rbml.model.GeneralizationHierarchy()" type="java.lang.RuntimeException">java.lang.RuntimeException: Failed to create component for 'gen_hierarchy' reason: groovy.lang.GroovyRuntimeException: Could not find matching constructor for: edu.montana.gsoc.msusel.rbml.model.GeneralizationHierarchy()
	at groovy.util.FactoryBuilderSupport.createNode(FactoryBuilderSupport.java:727)
	at groovy.util.FactoryBuilderSupport.dispatchNodeCall(FactoryBuilderSupport.java:863)
	at groovy.util.FactoryBuilderSupport.doInvokeMethod(FactoryBuilderSupport.java:787)
	at groovy.util.FactoryBuilderSupport.invokeMethod(FactoryBuilderSupport.java:507)
	at edu.montana.gsoc.msusel.rbml.RBMLDslSpec.testGenHierarchy(RBMLDslSpec.groovy:197)
Caused by: groovy.lang.GroovyRuntimeException: Could not find matching constructor for: edu.montana.gsoc.msusel.rbml.model.GeneralizationHierarchy()
	at edu.montana.gsoc.msusel.rbml.factory.GenHierarchyFactory.newInstance(GenHierarchyFactory.groovy:46)
	at groovy.util.FactoryBuilderSupport.createNode(FactoryBuilderSupport.java:717)
	... 4 more
</failure>
  </testcase>
  <testcase name="testGenHierarchyWithContents" classname="edu.montana.gsoc.msusel.rbml.RBMLDslSpec" time="0.005">
    <failure message="java.lang.RuntimeException: Failed to create component for 'gen_hierarchy' reason: groovy.lang.GroovyRuntimeException: Could not find matching constructor for: edu.montana.gsoc.msusel.rbml.model.GeneralizationHierarchy()" type="java.lang.RuntimeException">java.lang.RuntimeException: Failed to create component for 'gen_hierarchy' reason: groovy.lang.GroovyRuntimeException: Could not find matching constructor for: edu.montana.gsoc.msusel.rbml.model.GeneralizationHierarchy()
	at groovy.util.FactoryBuilderSupport.createNode(FactoryBuilderSupport.java:727)
	at groovy.util.FactoryBuilderSupport.dispatchNodeCall(FactoryBuilderSupport.java:863)
	at groovy.util.FactoryBuilderSupport.doInvokeMethod(FactoryBuilderSupport.java:787)
	at groovy.util.FactoryBuilderSupport.invokeMethod(FactoryBuilderSupport.java:507)
	at edu.montana.gsoc.msusel.rbml.RBMLDslSpec.testGenHierarchyWithContents(RBMLDslSpec.groovy:211)
Caused by: groovy.lang.GroovyRuntimeException: Could not find matching constructor for: edu.montana.gsoc.msusel.rbml.model.GeneralizationHierarchy()
	at edu.montana.gsoc.msusel.rbml.factory.GenHierarchyFactory.newInstance(GenHierarchyFactory.groovy:46)
	at groovy.util.FactoryBuilderSupport.createNode(FactoryBuilderSupport.java:717)
	... 4 more
</failure>
  </testcase>
  <testcase name="testClassifierRole" classname="edu.montana.gsoc.msusel.rbml.RBMLDslSpec" time="0.007">
    <failure message="java.lang.RuntimeException: Failed to create component for 'classifier_role' reason: org.codehaus.groovy.runtime.metaclass.MethodSelectionException: Could not find which method &lt;init&gt;() to invoke from this list:&#10;  public edu.montana.gsoc.msusel.rbml.model.Multiplicity#&lt;init&gt;(int)&#10;  public edu.montana.gsoc.msusel.rbml.model.Multiplicity#&lt;init&gt;(int, int)" type="java.lang.RuntimeException">java.lang.RuntimeException: Failed to create component for 'classifier_role' reason: org.codehaus.groovy.runtime.metaclass.MethodSelectionException: Could not find which method &lt;init&gt;() to invoke from this list:
  public edu.montana.gsoc.msusel.rbml.model.Multiplicity#&lt;init&gt;(int)
  public edu.montana.gsoc.msusel.rbml.model.Multiplicity#&lt;init&gt;(int, int)
	at groovy.util.FactoryBuilderSupport.createNode(FactoryBuilderSupport.java:727)
	at groovy.util.FactoryBuilderSupport.dispatchNodeCall(FactoryBuilderSupport.java:863)
	at groovy.util.FactoryBuilderSupport.doInvokeMethod(FactoryBuilderSupport.java:787)
	at groovy.util.FactoryBuilderSupport.invokeMethod(FactoryBuilderSupport.java:507)
	at edu.montana.gsoc.msusel.rbml.RBMLDslSpec.testClassifierRole(RBMLDslSpec.groovy:229)
Caused by: org.codehaus.groovy.runtime.metaclass.MethodSelectionException: Could not find which method &lt;init&gt;() to invoke from this list:
  public edu.montana.gsoc.msusel.rbml.model.Multiplicity#&lt;init&gt;(int)
  public edu.montana.gsoc.msusel.rbml.model.Multiplicity#&lt;init&gt;(int, int)
	at edu.montana.gsoc.msusel.rbml.factory.ClassifierRoleFactory.newInstance(ClassifierRoleFactory.groovy:69)
	at groovy.util.FactoryBuilderSupport.createNode(FactoryBuilderSupport.java:717)
	... 4 more
</failure>
  </testcase>
  <testcase name="testClassifierRoleWithContents" classname="edu.montana.gsoc.msusel.rbml.RBMLDslSpec" time="0.003">
    <failure message="java.lang.RuntimeException: Failed to create component for 'classifier_role' reason: org.codehaus.groovy.runtime.metaclass.MethodSelectionException: Could not find which method &lt;init&gt;() to invoke from this list:&#10;  public edu.montana.gsoc.msusel.rbml.model.Multiplicity#&lt;init&gt;(int)&#10;  public edu.montana.gsoc.msusel.rbml.model.Multiplicity#&lt;init&gt;(int, int)" type="java.lang.RuntimeException">java.lang.RuntimeException: Failed to create component for 'classifier_role' reason: org.codehaus.groovy.runtime.metaclass.MethodSelectionException: Could not find which method &lt;init&gt;() to invoke from this list:
  public edu.montana.gsoc.msusel.rbml.model.Multiplicity#&lt;init&gt;(int)
  public edu.montana.gsoc.msusel.rbml.model.Multiplicity#&lt;init&gt;(int, int)
	at groovy.util.FactoryBuilderSupport.createNode(FactoryBuilderSupport.java:727)
	at groovy.util.FactoryBuilderSupport.dispatchNodeCall(FactoryBuilderSupport.java:863)
	at groovy.util.FactoryBuilderSupport.doInvokeMethod(FactoryBuilderSupport.java:787)
	at groovy.util.FactoryBuilderSupport.invokeMethod(FactoryBuilderSupport.java:507)
	at edu.montana.gsoc.msusel.rbml.RBMLDslSpec.testClassifierRoleWithContents(RBMLDslSpec.groovy:250)
Caused by: org.codehaus.groovy.runtime.metaclass.MethodSelectionException: Could not find which method &lt;init&gt;() to invoke from this list:
  public edu.montana.gsoc.msusel.rbml.model.Multiplicity#&lt;init&gt;(int)
  public edu.montana.gsoc.msusel.rbml.model.Multiplicity#&lt;init&gt;(int, int)
	at edu.montana.gsoc.msusel.rbml.factory.ClassifierRoleFactory.newInstance(ClassifierRoleFactory.groovy:69)
	at groovy.util.FactoryBuilderSupport.createNode(FactoryBuilderSupport.java:717)
	... 4 more
</failure>
  </testcase>
  <testcase name="testClassRole" classname="edu.montana.gsoc.msusel.rbml.RBMLDslSpec" time="0.002">
    <failure message="java.lang.RuntimeException: Failed to create component for 'class_role' reason: org.codehaus.groovy.runtime.metaclass.MethodSelectionException: Could not find which method &lt;init&gt;() to invoke from this list:&#10;  public edu.montana.gsoc.msusel.rbml.model.Multiplicity#&lt;init&gt;(int)&#10;  public edu.montana.gsoc.msusel.rbml.model.Multiplicity#&lt;init&gt;(int, int)" type="java.lang.RuntimeException">java.lang.RuntimeException: Failed to create component for 'class_role' reason: org.codehaus.groovy.runtime.metaclass.MethodSelectionException: Could not find which method &lt;init&gt;() to invoke from this list:
  public edu.montana.gsoc.msusel.rbml.model.Multiplicity#&lt;init&gt;(int)
  public edu.montana.gsoc.msusel.rbml.model.Multiplicity#&lt;init&gt;(int, int)
	at groovy.util.FactoryBuilderSupport.createNode(FactoryBuilderSupport.java:727)
	at groovy.util.FactoryBuilderSupport.dispatchNodeCall(FactoryBuilderSupport.java:863)
	at groovy.util.FactoryBuilderSupport.doInvokeMethod(FactoryBuilderSupport.java:787)
	at groovy.util.FactoryBuilderSupport.invokeMethod(FactoryBuilderSupport.java:507)
	at edu.montana.gsoc.msusel.rbml.RBMLDslSpec.testClassRole(RBMLDslSpec.groovy:279)
Caused by: org.codehaus.groovy.runtime.metaclass.MethodSelectionException: Could not find which method &lt;init&gt;() to invoke from this list:
  public edu.montana.gsoc.msusel.rbml.model.Multiplicity#&lt;init&gt;(int)
  public edu.montana.gsoc.msusel.rbml.model.Multiplicity#&lt;init&gt;(int, int)
	at edu.montana.gsoc.msusel.rbml.factory.ClassRoleFactory.newInstance(ClassRoleFactory.groovy:71)
	at groovy.util.FactoryBuilderSupport.createNode(FactoryBuilderSupport.java:717)
	... 4 more
</failure>
  </testcase>
  <testcase name="testClassRoleWithContents" classname="edu.montana.gsoc.msusel.rbml.RBMLDslSpec" time="0.003">
    <failure message="java.lang.RuntimeException: Failed to create component for 'class_role' reason: org.codehaus.groovy.runtime.metaclass.MethodSelectionException: Could not find which method &lt;init&gt;() to invoke from this list:&#10;  public edu.montana.gsoc.msusel.rbml.model.Multiplicity#&lt;init&gt;(int)&#10;  public edu.montana.gsoc.msusel.rbml.model.Multiplicity#&lt;init&gt;(int, int)" type="java.lang.RuntimeException">java.lang.RuntimeException: Failed to create component for 'class_role' reason: org.codehaus.groovy.runtime.metaclass.MethodSelectionException: Could not find which method &lt;init&gt;() to invoke from this list:
  public edu.montana.gsoc.msusel.rbml.model.Multiplicity#&lt;init&gt;(int)
  public edu.montana.gsoc.msusel.rbml.model.Multiplicity#&lt;init&gt;(int, int)
	at groovy.util.FactoryBuilderSupport.createNode(FactoryBuilderSupport.java:727)
	at groovy.util.FactoryBuilderSupport.dispatchNodeCall(FactoryBuilderSupport.java:863)
	at groovy.util.FactoryBuilderSupport.doInvokeMethod(FactoryBuilderSupport.java:787)
	at groovy.util.FactoryBuilderSupport.invokeMethod(FactoryBuilderSupport.java:507)
	at edu.montana.gsoc.msusel.rbml.RBMLDslSpec.testClassRoleWithContents(RBMLDslSpec.groovy:300)
Caused by: org.codehaus.groovy.runtime.metaclass.MethodSelectionException: Could not find which method &lt;init&gt;() to invoke from this list:
  public edu.montana.gsoc.msusel.rbml.model.Multiplicity#&lt;init&gt;(int)
  public edu.montana.gsoc.msusel.rbml.model.Multiplicity#&lt;init&gt;(int, int)
	at edu.montana.gsoc.msusel.rbml.factory.ClassRoleFactory.newInstance(ClassRoleFactory.groovy:71)
	at groovy.util.FactoryBuilderSupport.createNode(FactoryBuilderSupport.java:717)
	... 4 more
</failure>
  </testcase>
  <testcase name="testInterfaceRole" classname="edu.montana.gsoc.msusel.rbml.RBMLDslSpec" time="0.001">
    <failure message="java.lang.RuntimeException: Failed to create component for 'interface_role' reason: org.codehaus.groovy.runtime.metaclass.MethodSelectionException: Could not find which method &lt;init&gt;() to invoke from this list:&#10;  public edu.montana.gsoc.msusel.rbml.model.Multiplicity#&lt;init&gt;(int)&#10;  public edu.montana.gsoc.msusel.rbml.model.Multiplicity#&lt;init&gt;(int, int)" type="java.lang.RuntimeException">java.lang.RuntimeException: Failed to create component for 'interface_role' reason: org.codehaus.groovy.runtime.metaclass.MethodSelectionException: Could not find which method &lt;init&gt;() to invoke from this list:
  public edu.montana.gsoc.msusel.rbml.model.Multiplicity#&lt;init&gt;(int)
  public edu.montana.gsoc.msusel.rbml.model.Multiplicity#&lt;init&gt;(int, int)
	at groovy.util.FactoryBuilderSupport.createNode(FactoryBuilderSupport.java:727)
	at groovy.util.FactoryBuilderSupport.dispatchNodeCall(FactoryBuilderSupport.java:863)
	at groovy.util.FactoryBuilderSupport.doInvokeMethod(FactoryBuilderSupport.java:787)
	at groovy.util.FactoryBuilderSupport.invokeMethod(FactoryBuilderSupport.java:507)
	at edu.montana.gsoc.msusel.rbml.RBMLDslSpec.testInterfaceRole(RBMLDslSpec.groovy:329)
Caused by: org.codehaus.groovy.runtime.metaclass.MethodSelectionException: Could not find which method &lt;init&gt;() to invoke from this list:
  public edu.montana.gsoc.msusel.rbml.model.Multiplicity#&lt;init&gt;(int)
  public edu.montana.gsoc.msusel.rbml.model.Multiplicity#&lt;init&gt;(int, int)
	at edu.montana.gsoc.msusel.rbml.factory.InterfaceRoleFactory.newInstance(InterfaceRoleFactory.groovy:72)
	at groovy.util.FactoryBuilderSupport.createNode(FactoryBuilderSupport.java:717)
	... 4 more
</failure>
  </testcase>
  <testcase name="testInterfaceRoleWithContents" classname="edu.montana.gsoc.msusel.rbml.RBMLDslSpec" time="0.002">
    <failure message="java.lang.RuntimeException: Failed to create component for 'interface_role' reason: org.codehaus.groovy.runtime.metaclass.MethodSelectionException: Could not find which method &lt;init&gt;() to invoke from this list:&#10;  public edu.montana.gsoc.msusel.rbml.model.Multiplicity#&lt;init&gt;(int)&#10;  public edu.montana.gsoc.msusel.rbml.model.Multiplicity#&lt;init&gt;(int, int)" type="java.lang.RuntimeException">java.lang.RuntimeException: Failed to create component for 'interface_role' reason: org.codehaus.groovy.runtime.metaclass.MethodSelectionException: Could not find which method &lt;init&gt;() to invoke from this list:
  public edu.montana.gsoc.msusel.rbml.model.Multiplicity#&lt;init&gt;(int)
  public edu.montana.gsoc.msusel.rbml.model.Multiplicity#&lt;init&gt;(int, int)
	at groovy.util.FactoryBuilderSupport.createNode(FactoryBuilderSupport.java:727)
	at groovy.util.FactoryBuilderSupport.dispatchNodeCall(FactoryBuilderSupport.java:863)
	at groovy.util.FactoryBuilderSupport.doInvokeMethod(FactoryBuilderSupport.java:787)
	at groovy.util.FactoryBuilderSupport.invokeMethod(FactoryBuilderSupport.java:507)
	at edu.montana.gsoc.msusel.rbml.RBMLDslSpec.testInterfaceRoleWithContents(RBMLDslSpec.groovy:350)
Caused by: org.codehaus.groovy.runtime.metaclass.MethodSelectionException: Could not find which method &lt;init&gt;() to invoke from this list:
  public edu.montana.gsoc.msusel.rbml.model.Multiplicity#&lt;init&gt;(int)
  public edu.montana.gsoc.msusel.rbml.model.Multiplicity#&lt;init&gt;(int, int)
	at edu.montana.gsoc.msusel.rbml.factory.InterfaceRoleFactory.newInstance(InterfaceRoleFactory.groovy:72)
	at groovy.util.FactoryBuilderSupport.createNode(FactoryBuilderSupport.java:717)
	... 4 more
</failure>
  </testcase>
  <testcase name="testBehavioralFeatureRole" classname="edu.montana.gsoc.msusel.rbml.RBMLDslSpec" time="0.008">
    <failure message="java.lang.RuntimeException: Failed to create component for 'class_role' reason: org.codehaus.groovy.runtime.metaclass.MethodSelectionException: Could not find which method &lt;init&gt;() to invoke from this list:&#10;  public edu.montana.gsoc.msusel.rbml.model.Multiplicity#&lt;init&gt;(int)&#10;  public edu.montana.gsoc.msusel.rbml.model.Multiplicity#&lt;init&gt;(int, int)" type="java.lang.RuntimeException">java.lang.RuntimeException: Failed to create component for 'class_role' reason: org.codehaus.groovy.runtime.metaclass.MethodSelectionException: Could not find which method &lt;init&gt;() to invoke from this list:
  public edu.montana.gsoc.msusel.rbml.model.Multiplicity#&lt;init&gt;(int)
  public edu.montana.gsoc.msusel.rbml.model.Multiplicity#&lt;init&gt;(int, int)
	at groovy.util.FactoryBuilderSupport.createNode(FactoryBuilderSupport.java:727)
	at groovy.util.FactoryBuilderSupport.dispatchNodeCall(FactoryBuilderSupport.java:863)
	at groovy.util.FactoryBuilderSupport.doInvokeMethod(FactoryBuilderSupport.java:787)
	at groovy.util.FactoryBuilderSupport.invokeMethod(FactoryBuilderSupport.java:507)
	at groovy.lang.GroovyObjectSupport.invokeMethod(GroovyObjectSupport.java:44)
	at groovy.lang.GroovyObjectSupport.invokeMethod(GroovyObjectSupport.java:44)
	at edu.montana.gsoc.msusel.rbml.RBMLDslSpec$__spock_feature_0_14_closure8.closure36$_closure37(RBMLDslSpec.groovy:382)
	at edu.montana.gsoc.msusel.rbml.RBMLDslSpec$__spock_feature_0_14_closure8.closure36$_closure37(RBMLDslSpec.groovy)
	at groovy.lang.Closure.call(Closure.java:405)
	at groovy.lang.Closure.call(Closure.java:399)
	at groovy.util.FactoryBuilderSupport.dispatchNodeCall(FactoryBuilderSupport.java:895)
	at groovy.util.FactoryBuilderSupport.doInvokeMethod(FactoryBuilderSupport.java:787)
	at groovy.util.FactoryBuilderSupport.invokeMethod(FactoryBuilderSupport.java:507)
	at groovy.lang.GroovyObjectSupport.invokeMethod(GroovyObjectSupport.java:44)
	at edu.montana.gsoc.msusel.rbml.RBMLDslSpec.$spock_feature_0_14_closure8$_closure36(RBMLDslSpec.groovy:381)
	at edu.montana.gsoc.msusel.rbml.RBMLDslSpec.$spock_feature_0_14_closure8$_closure36(RBMLDslSpec.groovy)
	at groovy.lang.Closure.call(Closure.java:405)
	at groovy.lang.Closure.call(Closure.java:399)
	at groovy.util.FactoryBuilderSupport.dispatchNodeCall(FactoryBuilderSupport.java:895)
	at groovy.util.FactoryBuilderSupport.doInvokeMethod(FactoryBuilderSupport.java:787)
	at groovy.util.FactoryBuilderSupport.invokeMethod(FactoryBuilderSupport.java:507)
	at edu.montana.gsoc.msusel.rbml.RBMLDslSpec.testBehavioralFeatureRole_closure8(RBMLDslSpec.groovy:380)
	at edu.montana.gsoc.msusel.rbml.RBMLDslSpec.testBehavioralFeatureRole_closure8(RBMLDslSpec.groovy)
	at groovy.lang.Closure.call(Closure.java:405)
	at groovy.lang.Closure.call(Closure.java:399)
	at groovy.util.FactoryBuilderSupport.dispatchNodeCall(FactoryBuilderSupport.java:895)
	at groovy.util.FactoryBuilderSupport.doInvokeMethod(FactoryBuilderSupport.java:787)
	at groovy.util.FactoryBuilderSupport.invokeMethod(FactoryBuilderSupport.java:507)
	at edu.montana.gsoc.msusel.rbml.RBMLDslSpec.testBehavioralFeatureRole(RBMLDslSpec.groovy:379)
Caused by: org.codehaus.groovy.runtime.metaclass.MethodSelectionException: Could not find which method &lt;init&gt;() to invoke from this list:
  public edu.montana.gsoc.msusel.rbml.model.Multiplicity#&lt;init&gt;(int)
  public edu.montana.gsoc.msusel.rbml.model.Multiplicity#&lt;init&gt;(int, int)
	at edu.montana.gsoc.msusel.rbml.factory.ClassRoleFactory.newInstance(ClassRoleFactory.groovy:71)
	at groovy.util.FactoryBuilderSupport.createNode(FactoryBuilderSupport.java:717)
	... 28 more
</failure>
  </testcase>
  <testcase name="testStructuralFeatureRole" classname="edu.montana.gsoc.msusel.rbml.RBMLDslSpec" time="0.014">
    <failure message="java.lang.RuntimeException: Failed to create component for 'class_role' reason: org.codehaus.groovy.runtime.metaclass.MethodSelectionException: Could not find which method &lt;init&gt;() to invoke from this list:&#10;  public edu.montana.gsoc.msusel.rbml.model.Multiplicity#&lt;init&gt;(int)&#10;  public edu.montana.gsoc.msusel.rbml.model.Multiplicity#&lt;init&gt;(int, int)" type="java.lang.RuntimeException">java.lang.RuntimeException: Failed to create component for 'class_role' reason: org.codehaus.groovy.runtime.metaclass.MethodSelectionException: Could not find which method &lt;init&gt;() to invoke from this list:
  public edu.montana.gsoc.msusel.rbml.model.Multiplicity#&lt;init&gt;(int)
  public edu.montana.gsoc.msusel.rbml.model.Multiplicity#&lt;init&gt;(int, int)
	at groovy.util.FactoryBuilderSupport.createNode(FactoryBuilderSupport.java:727)
	at groovy.util.FactoryBuilderSupport.dispatchNodeCall(FactoryBuilderSupport.java:863)
	at groovy.util.FactoryBuilderSupport.doInvokeMethod(FactoryBuilderSupport.java:787)
	at groovy.util.FactoryBuilderSupport.invokeMethod(FactoryBuilderSupport.java:507)
	at groovy.lang.GroovyObjectSupport.invokeMethod(GroovyObjectSupport.java:44)
	at groovy.lang.GroovyObjectSupport.invokeMethod(GroovyObjectSupport.java:44)
	at edu.montana.gsoc.msusel.rbml.RBMLDslSpec$__spock_feature_0_15_closure9.closure39$_closure40(RBMLDslSpec.groovy:418)
	at edu.montana.gsoc.msusel.rbml.RBMLDslSpec$__spock_feature_0_15_closure9.closure39$_closure40(RBMLDslSpec.groovy)
	at groovy.lang.Closure.call(Closure.java:405)
	at groovy.lang.Closure.call(Closure.java:399)
	at groovy.util.FactoryBuilderSupport.dispatchNodeCall(FactoryBuilderSupport.java:895)
	at groovy.util.FactoryBuilderSupport.doInvokeMethod(FactoryBuilderSupport.java:787)
	at groovy.util.FactoryBuilderSupport.invokeMethod(FactoryBuilderSupport.java:507)
	at groovy.lang.GroovyObjectSupport.invokeMethod(GroovyObjectSupport.java:44)
	at edu.montana.gsoc.msusel.rbml.RBMLDslSpec.$spock_feature_0_15_closure9$_closure39(RBMLDslSpec.groovy:417)
	at edu.montana.gsoc.msusel.rbml.RBMLDslSpec.$spock_feature_0_15_closure9$_closure39(RBMLDslSpec.groovy)
	at groovy.lang.Closure.call(Closure.java:405)
	at groovy.lang.Closure.call(Closure.java:399)
	at groovy.util.FactoryBuilderSupport.dispatchNodeCall(FactoryBuilderSupport.java:895)
	at groovy.util.FactoryBuilderSupport.doInvokeMethod(FactoryBuilderSupport.java:787)
	at groovy.util.FactoryBuilderSupport.invokeMethod(FactoryBuilderSupport.java:507)
	at edu.montana.gsoc.msusel.rbml.RBMLDslSpec.testStructuralFeatureRole_closure9(RBMLDslSpec.groovy:416)
	at edu.montana.gsoc.msusel.rbml.RBMLDslSpec.testStructuralFeatureRole_closure9(RBMLDslSpec.groovy)
	at groovy.lang.Closure.call(Closure.java:405)
	at groovy.lang.Closure.call(Closure.java:399)
	at groovy.util.FactoryBuilderSupport.dispatchNodeCall(FactoryBuilderSupport.java:895)
	at groovy.util.FactoryBuilderSupport.doInvokeMethod(FactoryBuilderSupport.java:787)
	at groovy.util.FactoryBuilderSupport.invokeMethod(FactoryBuilderSupport.java:507)
	at edu.montana.gsoc.msusel.rbml.RBMLDslSpec.testStructuralFeatureRole(RBMLDslSpec.groovy:415)
Caused by: org.codehaus.groovy.runtime.metaclass.MethodSelectionException: Could not find which method &lt;init&gt;() to invoke from this list:
  public edu.montana.gsoc.msusel.rbml.model.Multiplicity#&lt;init&gt;(int)
  public edu.montana.gsoc.msusel.rbml.model.Multiplicity#&lt;init&gt;(int, int)
	at edu.montana.gsoc.msusel.rbml.factory.ClassRoleFactory.newInstance(ClassRoleFactory.groovy:71)
	at groovy.util.FactoryBuilderSupport.createNode(FactoryBuilderSupport.java:717)
	... 28 more
</failure>
  </testcase>
  <testcase name="testRelations" classname="edu.montana.gsoc.msusel.rbml.RBMLDslSpec" time="0.001"/>
  <testcase name="testRelationsWithContents" classname="edu.montana.gsoc.msusel.rbml.RBMLDslSpec" time="0.002"/>
  <testcase name="testAssociationRole" classname="edu.montana.gsoc.msusel.rbml.RBMLDslSpec" time="0.001">
    <failure message="java.lang.RuntimeException: Failed to create component for 'association_role' reason: groovy.lang.GroovyRuntimeException: Could not find matching constructor for: edu.montana.gsoc.msusel.rbml.model.Association()" type="java.lang.RuntimeException">java.lang.RuntimeException: Failed to create component for 'association_role' reason: groovy.lang.GroovyRuntimeException: Could not find matching constructor for: edu.montana.gsoc.msusel.rbml.model.Association()
	at groovy.util.FactoryBuilderSupport.createNode(FactoryBuilderSupport.java:727)
	at groovy.util.FactoryBuilderSupport.dispatchNodeCall(FactoryBuilderSupport.java:863)
	at groovy.util.FactoryBuilderSupport.doInvokeMethod(FactoryBuilderSupport.java:787)
	at groovy.util.FactoryBuilderSupport.invokeMethod(FactoryBuilderSupport.java:507)
	at edu.montana.gsoc.msusel.rbml.RBMLDslSpec.testAssociationRole(RBMLDslSpec.groovy:478)
Caused by: groovy.lang.GroovyRuntimeException: Could not find matching constructor for: edu.montana.gsoc.msusel.rbml.model.Association()
	at edu.montana.gsoc.msusel.rbml.factory.AssociationRoleFactory.newInstance(AssociationRoleFactory.groovy:45)
	at groovy.util.FactoryBuilderSupport.createNode(FactoryBuilderSupport.java:717)
	... 4 more
</failure>
  </testcase>
  <testcase name="testAssociationRoleWithContents" classname="edu.montana.gsoc.msusel.rbml.RBMLDslSpec" time="0.002">
    <failure message="java.lang.RuntimeException: Failed to create component for 'association_role' reason: groovy.lang.GroovyRuntimeException: Could not find matching constructor for: edu.montana.gsoc.msusel.rbml.model.Association()" type="java.lang.RuntimeException">java.lang.RuntimeException: Failed to create component for 'association_role' reason: groovy.lang.GroovyRuntimeException: Could not find matching constructor for: edu.montana.gsoc.msusel.rbml.model.Association()
	at groovy.util.FactoryBuilderSupport.createNode(FactoryBuilderSupport.java:727)
	at groovy.util.FactoryBuilderSupport.dispatchNodeCall(FactoryBuilderSupport.java:863)
	at groovy.util.FactoryBuilderSupport.doInvokeMethod(FactoryBuilderSupport.java:787)
	at groovy.util.FactoryBuilderSupport.invokeMethod(FactoryBuilderSupport.java:507)
	at edu.montana.gsoc.msusel.rbml.RBMLDslSpec.testAssociationRoleWithContents(RBMLDslSpec.groovy:499)
Caused by: groovy.lang.GroovyRuntimeException: Could not find matching constructor for: edu.montana.gsoc.msusel.rbml.model.Association()
	at edu.montana.gsoc.msusel.rbml.factory.AssociationRoleFactory.newInstance(AssociationRoleFactory.groovy:45)
	at groovy.util.FactoryBuilderSupport.createNode(FactoryBuilderSupport.java:717)
	... 4 more
</failure>
  </testcase>
  <testcase name="testAssociationSource" classname="edu.montana.gsoc.msusel.rbml.RBMLDslSpec" time="0.002">
    <failure message="java.lang.RuntimeException: Failed to create component for 'association_role' reason: groovy.lang.GroovyRuntimeException: Could not find matching constructor for: edu.montana.gsoc.msusel.rbml.model.Association()" type="java.lang.RuntimeException">java.lang.RuntimeException: Failed to create component for 'association_role' reason: groovy.lang.GroovyRuntimeException: Could not find matching constructor for: edu.montana.gsoc.msusel.rbml.model.Association()
	at groovy.util.FactoryBuilderSupport.createNode(FactoryBuilderSupport.java:727)
	at groovy.util.FactoryBuilderSupport.dispatchNodeCall(FactoryBuilderSupport.java:863)
	at groovy.util.FactoryBuilderSupport.doInvokeMethod(FactoryBuilderSupport.java:787)
	at groovy.util.FactoryBuilderSupport.invokeMethod(FactoryBuilderSupport.java:507)
	at edu.montana.gsoc.msusel.rbml.RBMLDslSpec.testAssociationSource(RBMLDslSpec.groovy:533)
Caused by: groovy.lang.GroovyRuntimeException: Could not find matching constructor for: edu.montana.gsoc.msusel.rbml.model.Association()
	at edu.montana.gsoc.msusel.rbml.factory.AssociationRoleFactory.newInstance(AssociationRoleFactory.groovy:45)
	at groovy.util.FactoryBuilderSupport.createNode(FactoryBuilderSupport.java:717)
	... 4 more
</failure>
  </testcase>
  <testcase name="testAssociationDest" classname="edu.montana.gsoc.msusel.rbml.RBMLDslSpec" time="0.005">
    <failure message="java.lang.RuntimeException: Failed to create component for 'association_role' reason: groovy.lang.GroovyRuntimeException: Could not find matching constructor for: edu.montana.gsoc.msusel.rbml.model.Association()" type="java.lang.RuntimeException">java.lang.RuntimeException: Failed to create component for 'association_role' reason: groovy.lang.GroovyRuntimeException: Could not find matching constructor for: edu.montana.gsoc.msusel.rbml.model.Association()
	at groovy.util.FactoryBuilderSupport.createNode(FactoryBuilderSupport.java:727)
	at groovy.util.FactoryBuilderSupport.dispatchNodeCall(FactoryBuilderSupport.java:863)
	at groovy.util.FactoryBuilderSupport.doInvokeMethod(FactoryBuilderSupport.java:787)
	at groovy.util.FactoryBuilderSupport.invokeMethod(FactoryBuilderSupport.java:507)
	at edu.montana.gsoc.msusel.rbml.RBMLDslSpec.testAssociationDest(RBMLDslSpec.groovy:556)
Caused by: groovy.lang.GroovyRuntimeException: Could not find matching constructor for: edu.montana.gsoc.msusel.rbml.model.Association()
	at edu.montana.gsoc.msusel.rbml.factory.AssociationRoleFactory.newInstance(AssociationRoleFactory.groovy:45)
	at groovy.util.FactoryBuilderSupport.createNode(FactoryBuilderSupport.java:717)
	... 4 more
</failure>
  </testcase>
  <testcase name="testUsageRole" classname="edu.montana.gsoc.msusel.rbml.RBMLDslSpec" time="0.002">
    <failure message="java.lang.RuntimeException: Failed to create component for 'usage_role' reason: groovy.lang.GroovyRuntimeException: Could not find matching constructor for: edu.montana.gsoc.msusel.rbml.model.Usage()" type="java.lang.RuntimeException">java.lang.RuntimeException: Failed to create component for 'usage_role' reason: groovy.lang.GroovyRuntimeException: Could not find matching constructor for: edu.montana.gsoc.msusel.rbml.model.Usage()
	at groovy.util.FactoryBuilderSupport.createNode(FactoryBuilderSupport.java:727)
	at groovy.util.FactoryBuilderSupport.dispatchNodeCall(FactoryBuilderSupport.java:863)
	at groovy.util.FactoryBuilderSupport.doInvokeMethod(FactoryBuilderSupport.java:787)
	at groovy.util.FactoryBuilderSupport.invokeMethod(FactoryBuilderSupport.java:507)
	at edu.montana.gsoc.msusel.rbml.RBMLDslSpec.testUsageRole(RBMLDslSpec.groovy:579)
Caused by: groovy.lang.GroovyRuntimeException: Could not find matching constructor for: edu.montana.gsoc.msusel.rbml.model.Usage()
	at edu.montana.gsoc.msusel.rbml.factory.UsageRoleFactory.newInstance(UsageRoleFactory.groovy:49)
	at groovy.util.FactoryBuilderSupport.createNode(FactoryBuilderSupport.java:717)
	... 4 more
</failure>
  </testcase>
  <testcase name="testUsageRoleWithContents" classname="edu.montana.gsoc.msusel.rbml.RBMLDslSpec" time="0.006">
    <failure message="java.lang.RuntimeException: Failed to create component for 'class_role' reason: org.codehaus.groovy.runtime.metaclass.MethodSelectionException: Could not find which method &lt;init&gt;() to invoke from this list:&#10;  public edu.montana.gsoc.msusel.rbml.model.Multiplicity#&lt;init&gt;(int)&#10;  public edu.montana.gsoc.msusel.rbml.model.Multiplicity#&lt;init&gt;(int, int)" type="java.lang.RuntimeException">java.lang.RuntimeException: Failed to create component for 'class_role' reason: org.codehaus.groovy.runtime.metaclass.MethodSelectionException: Could not find which method &lt;init&gt;() to invoke from this list:
  public edu.montana.gsoc.msusel.rbml.model.Multiplicity#&lt;init&gt;(int)
  public edu.montana.gsoc.msusel.rbml.model.Multiplicity#&lt;init&gt;(int, int)
	at groovy.util.FactoryBuilderSupport.createNode(FactoryBuilderSupport.java:727)
	at groovy.util.FactoryBuilderSupport.dispatchNodeCall(FactoryBuilderSupport.java:863)
	at groovy.util.FactoryBuilderSupport.doInvokeMethod(FactoryBuilderSupport.java:787)
	at groovy.util.FactoryBuilderSupport.invokeMethod(FactoryBuilderSupport.java:507)
	at groovy.lang.GroovyObjectSupport.invokeMethod(GroovyObjectSupport.java:44)
	at edu.montana.gsoc.msusel.rbml.RBMLDslSpec.$spock_feature_0_23_closure13$_closure42(RBMLDslSpec.groovy:602)
	at edu.montana.gsoc.msusel.rbml.RBMLDslSpec.$spock_feature_0_23_closure13$_closure42(RBMLDslSpec.groovy)
	at groovy.lang.Closure.call(Closure.java:405)
	at groovy.lang.Closure.call(Closure.java:399)
	at groovy.util.FactoryBuilderSupport.dispatchNodeCall(FactoryBuilderSupport.java:895)
	at groovy.util.FactoryBuilderSupport.doInvokeMethod(FactoryBuilderSupport.java:787)
	at groovy.util.FactoryBuilderSupport.invokeMethod(FactoryBuilderSupport.java:507)
	at edu.montana.gsoc.msusel.rbml.RBMLDslSpec.testUsageRoleWithContents_closure13(RBMLDslSpec.groovy:601)
	at edu.montana.gsoc.msusel.rbml.RBMLDslSpec.testUsageRoleWithContents_closure13(RBMLDslSpec.groovy)
	at groovy.lang.Closure.call(Closure.java:405)
	at groovy.lang.Closure.call(Closure.java:399)
	at groovy.util.FactoryBuilderSupport.dispatchNodeCall(FactoryBuilderSupport.java:895)
	at groovy.util.FactoryBuilderSupport.doInvokeMethod(FactoryBuilderSupport.java:787)
	at groovy.util.FactoryBuilderSupport.invokeMethod(FactoryBuilderSupport.java:507)
	at edu.montana.gsoc.msusel.rbml.RBMLDslSpec.testUsageRoleWithContents(RBMLDslSpec.groovy:600)
Caused by: org.codehaus.groovy.runtime.metaclass.MethodSelectionException: Could not find which method &lt;init&gt;() to invoke from this list:
  public edu.montana.gsoc.msusel.rbml.model.Multiplicity#&lt;init&gt;(int)
  public edu.montana.gsoc.msusel.rbml.model.Multiplicity#&lt;init&gt;(int, int)
	at edu.montana.gsoc.msusel.rbml.factory.ClassRoleFactory.newInstance(ClassRoleFactory.groovy:71)
	at groovy.util.FactoryBuilderSupport.createNode(FactoryBuilderSupport.java:717)
	... 19 more
</failure>
  </testcase>
  <testcase name="testRealizationRole" classname="edu.montana.gsoc.msusel.rbml.RBMLDslSpec" time="0.001">
    <failure message="java.lang.RuntimeException: Failed to create component for 'realization_role' reason: groovy.lang.GroovyRuntimeException: Could not find matching constructor for: edu.montana.gsoc.msusel.rbml.model.Realization()" type="java.lang.RuntimeException">java.lang.RuntimeException: Failed to create component for 'realization_role' reason: groovy.lang.GroovyRuntimeException: Could not find matching constructor for: edu.montana.gsoc.msusel.rbml.model.Realization()
	at groovy.util.FactoryBuilderSupport.createNode(FactoryBuilderSupport.java:727)
	at groovy.util.FactoryBuilderSupport.dispatchNodeCall(FactoryBuilderSupport.java:863)
	at groovy.util.FactoryBuilderSupport.doInvokeMethod(FactoryBuilderSupport.java:787)
	at groovy.util.FactoryBuilderSupport.invokeMethod(FactoryBuilderSupport.java:507)
	at edu.montana.gsoc.msusel.rbml.RBMLDslSpec.testRealizationRole(RBMLDslSpec.groovy:639)
Caused by: groovy.lang.GroovyRuntimeException: Could not find matching constructor for: edu.montana.gsoc.msusel.rbml.model.Realization()
	at edu.montana.gsoc.msusel.rbml.factory.RealizationRoleFactory.newInstance(RealizationRoleFactory.groovy:49)
	at groovy.util.FactoryBuilderSupport.createNode(FactoryBuilderSupport.java:717)
	... 4 more
</failure>
  </testcase>
  <testcase name="testRealizationRoleWithContents" classname="edu.montana.gsoc.msusel.rbml.RBMLDslSpec" time="0.01">
    <failure message="java.lang.RuntimeException: Failed to create component for 'class_role' reason: org.codehaus.groovy.runtime.metaclass.MethodSelectionException: Could not find which method &lt;init&gt;() to invoke from this list:&#10;  public edu.montana.gsoc.msusel.rbml.model.Multiplicity#&lt;init&gt;(int)&#10;  public edu.montana.gsoc.msusel.rbml.model.Multiplicity#&lt;init&gt;(int, int)" type="java.lang.RuntimeException">java.lang.RuntimeException: Failed to create component for 'class_role' reason: org.codehaus.groovy.runtime.metaclass.MethodSelectionException: Could not find which method &lt;init&gt;() to invoke from this list:
  public edu.montana.gsoc.msusel.rbml.model.Multiplicity#&lt;init&gt;(int)
  public edu.montana.gsoc.msusel.rbml.model.Multiplicity#&lt;init&gt;(int, int)
	at groovy.util.FactoryBuilderSupport.createNode(FactoryBuilderSupport.java:727)
	at groovy.util.FactoryBuilderSupport.dispatchNodeCall(FactoryBuilderSupport.java:863)
	at groovy.util.FactoryBuilderSupport.doInvokeMethod(FactoryBuilderSupport.java:787)
	at groovy.util.FactoryBuilderSupport.invokeMethod(FactoryBuilderSupport.java:507)
	at groovy.lang.GroovyObjectSupport.invokeMethod(GroovyObjectSupport.java:44)
	at edu.montana.gsoc.msusel.rbml.RBMLDslSpec.$spock_feature_0_25_closure14$_closure44(RBMLDslSpec.groovy:662)
	at edu.montana.gsoc.msusel.rbml.RBMLDslSpec.$spock_feature_0_25_closure14$_closure44(RBMLDslSpec.groovy)
	at groovy.lang.Closure.call(Closure.java:405)
	at groovy.lang.Closure.call(Closure.java:399)
	at groovy.util.FactoryBuilderSupport.dispatchNodeCall(FactoryBuilderSupport.java:895)
	at groovy.util.FactoryBuilderSupport.doInvokeMethod(FactoryBuilderSupport.java:787)
	at groovy.util.FactoryBuilderSupport.invokeMethod(FactoryBuilderSupport.java:507)
	at edu.montana.gsoc.msusel.rbml.RBMLDslSpec.testRealizationRoleWithContents_closure14(RBMLDslSpec.groovy:661)
	at edu.montana.gsoc.msusel.rbml.RBMLDslSpec.testRealizationRoleWithContents_closure14(RBMLDslSpec.groovy)
	at groovy.lang.Closure.call(Closure.java:405)
	at groovy.lang.Closure.call(Closure.java:399)
	at groovy.util.FactoryBuilderSupport.dispatchNodeCall(FactoryBuilderSupport.java:895)
	at groovy.util.FactoryBuilderSupport.doInvokeMethod(FactoryBuilderSupport.java:787)
	at groovy.util.FactoryBuilderSupport.invokeMethod(FactoryBuilderSupport.java:507)
	at edu.montana.gsoc.msusel.rbml.RBMLDslSpec.testRealizationRoleWithContents(RBMLDslSpec.groovy:660)
Caused by: org.codehaus.groovy.runtime.metaclass.MethodSelectionException: Could not find which method &lt;init&gt;() to invoke from this list:
  public edu.montana.gsoc.msusel.rbml.model.Multiplicity#&lt;init&gt;(int)
  public edu.montana.gsoc.msusel.rbml.model.Multiplicity#&lt;init&gt;(int, int)
	at edu.montana.gsoc.msusel.rbml.factory.ClassRoleFactory.newInstance(ClassRoleFactory.groovy:71)
	at groovy.util.FactoryBuilderSupport.createNode(FactoryBuilderSupport.java:717)
	... 19 more
</failure>
  </testcase>
  <testcase name="testGeneralizationRole" classname="edu.montana.gsoc.msusel.rbml.RBMLDslSpec" time="0.012">
    <failure message="java.lang.RuntimeException: Failed to create component for 'generalization_role' reason: groovy.lang.GroovyRuntimeException: Could not find matching constructor for: edu.montana.gsoc.msusel.rbml.model.Generalization()" type="java.lang.RuntimeException">java.lang.RuntimeException: Failed to create component for 'generalization_role' reason: groovy.lang.GroovyRuntimeException: Could not find matching constructor for: edu.montana.gsoc.msusel.rbml.model.Generalization()
	at groovy.util.FactoryBuilderSupport.createNode(FactoryBuilderSupport.java:727)
	at groovy.util.FactoryBuilderSupport.dispatchNodeCall(FactoryBuilderSupport.java:863)
	at groovy.util.FactoryBuilderSupport.doInvokeMethod(FactoryBuilderSupport.java:787)
	at groovy.util.FactoryBuilderSupport.invokeMethod(FactoryBuilderSupport.java:507)
	at edu.montana.gsoc.msusel.rbml.RBMLDslSpec.testGeneralizationRole(RBMLDslSpec.groovy:699)
Caused by: groovy.lang.GroovyRuntimeException: Could not find matching constructor for: edu.montana.gsoc.msusel.rbml.model.Generalization()
	at edu.montana.gsoc.msusel.rbml.factory.GeneralizationRoleFactory.newInstance(GeneralizationRoleFactory.groovy:49)
	at groovy.util.FactoryBuilderSupport.createNode(FactoryBuilderSupport.java:717)
	... 4 more
</failure>
  </testcase>
  <testcase name="testGeneralizationRoleWithContents" classname="edu.montana.gsoc.msusel.rbml.RBMLDslSpec" time="0.007">
    <failure message="java.lang.RuntimeException: Failed to create component for 'class_role' reason: org.codehaus.groovy.runtime.metaclass.MethodSelectionException: Could not find which method &lt;init&gt;() to invoke from this list:&#10;  public edu.montana.gsoc.msusel.rbml.model.Multiplicity#&lt;init&gt;(int)&#10;  public edu.montana.gsoc.msusel.rbml.model.Multiplicity#&lt;init&gt;(int, int)" type="java.lang.RuntimeException">java.lang.RuntimeException: Failed to create component for 'class_role' reason: org.codehaus.groovy.runtime.metaclass.MethodSelectionException: Could not find which method &lt;init&gt;() to invoke from this list:
  public edu.montana.gsoc.msusel.rbml.model.Multiplicity#&lt;init&gt;(int)
  public edu.montana.gsoc.msusel.rbml.model.Multiplicity#&lt;init&gt;(int, int)
	at groovy.util.FactoryBuilderSupport.createNode(FactoryBuilderSupport.java:727)
	at groovy.util.FactoryBuilderSupport.dispatchNodeCall(FactoryBuilderSupport.java:863)
	at groovy.util.FactoryBuilderSupport.doInvokeMethod(FactoryBuilderSupport.java:787)
	at groovy.util.FactoryBuilderSupport.invokeMethod(FactoryBuilderSupport.java:507)
	at groovy.lang.GroovyObjectSupport.invokeMethod(GroovyObjectSupport.java:44)
	at edu.montana.gsoc.msusel.rbml.RBMLDslSpec.$spock_feature_0_27_closure15$_closure46(RBMLDslSpec.groovy:722)
	at edu.montana.gsoc.msusel.rbml.RBMLDslSpec.$spock_feature_0_27_closure15$_closure46(RBMLDslSpec.groovy)
	at groovy.lang.Closure.call(Closure.java:405)
	at groovy.lang.Closure.call(Closure.java:399)
	at groovy.util.FactoryBuilderSupport.dispatchNodeCall(FactoryBuilderSupport.java:895)
	at groovy.util.FactoryBuilderSupport.doInvokeMethod(FactoryBuilderSupport.java:787)
	at groovy.util.FactoryBuilderSupport.invokeMethod(FactoryBuilderSupport.java:507)
	at edu.montana.gsoc.msusel.rbml.RBMLDslSpec.testGeneralizationRoleWithContents_closure15(RBMLDslSpec.groovy:721)
	at edu.montana.gsoc.msusel.rbml.RBMLDslSpec.testGeneralizationRoleWithContents_closure15(RBMLDslSpec.groovy)
	at groovy.lang.Closure.call(Closure.java:405)
	at groovy.lang.Closure.call(Closure.java:399)
	at groovy.util.FactoryBuilderSupport.dispatchNodeCall(FactoryBuilderSupport.java:895)
	at groovy.util.FactoryBuilderSupport.doInvokeMethod(FactoryBuilderSupport.java:787)
	at groovy.util.FactoryBuilderSupport.invokeMethod(FactoryBuilderSupport.java:507)
	at edu.montana.gsoc.msusel.rbml.RBMLDslSpec.testGeneralizationRoleWithContents(RBMLDslSpec.groovy:720)
Caused by: org.codehaus.groovy.runtime.metaclass.MethodSelectionException: Could not find which method &lt;init&gt;() to invoke from this list:
  public edu.montana.gsoc.msusel.rbml.model.Multiplicity#&lt;init&gt;(int)
  public edu.montana.gsoc.msusel.rbml.model.Multiplicity#&lt;init&gt;(int, int)
	at edu.montana.gsoc.msusel.rbml.factory.ClassRoleFactory.newInstance(ClassRoleFactory.groovy:71)
	at groovy.util.FactoryBuilderSupport.createNode(FactoryBuilderSupport.java:717)
	... 19 more
</failure>
  </testcase>
  <testcase name="testConstraints" classname="edu.montana.gsoc.msusel.rbml.RBMLDslSpec" time="0.001"/>
  <testcase name="testConstraintsWithContents" classname="edu.montana.gsoc.msusel.rbml.RBMLDslSpec" time="0.008"/>
  <testcase name="testContext" classname="edu.montana.gsoc.msusel.rbml.RBMLDslSpec" time="0.001"/>
  <testcase name="testContextWithInv" classname="edu.montana.gsoc.msusel.rbml.RBMLDslSpec" time="0.002"/>
  <testcase name="testContextWithPreAndPost" classname="edu.montana.gsoc.msusel.rbml.RBMLDslSpec" time="0.001"/>
  <testcase name="testIps" classname="edu.montana.gsoc.msusel.rbml.RBMLDslSpec" time="0.001">
    <failure message="java.lang.RuntimeException: Failed to create component for 'ips' reason: org.codehaus.groovy.runtime.metaclass.MethodSelectionException: Could not find which method &lt;init&gt;() to invoke from this list:&#10;  public edu.montana.gsoc.msusel.rbml.model.Multiplicity#&lt;init&gt;(int)&#10;  public edu.montana.gsoc.msusel.rbml.model.Multiplicity#&lt;init&gt;(int, int)" type="java.lang.RuntimeException">java.lang.RuntimeException: Failed to create component for 'ips' reason: org.codehaus.groovy.runtime.metaclass.MethodSelectionException: Could not find which method &lt;init&gt;() to invoke from this list:
  public edu.montana.gsoc.msusel.rbml.model.Multiplicity#&lt;init&gt;(int)
  public edu.montana.gsoc.msusel.rbml.model.Multiplicity#&lt;init&gt;(int, int)
	at groovy.util.FactoryBuilderSupport.createNode(FactoryBuilderSupport.java:727)
	at groovy.util.FactoryBuilderSupport.dispatchNodeCall(FactoryBuilderSupport.java:863)
	at groovy.util.FactoryBuilderSupport.doInvokeMethod(FactoryBuilderSupport.java:787)
	at groovy.util.FactoryBuilderSupport.invokeMethod(FactoryBuilderSupport.java:507)
	at edu.montana.gsoc.msusel.rbml.RBMLDslSpec.testIps(RBMLDslSpec.groovy:849)
Caused by: org.codehaus.groovy.runtime.metaclass.MethodSelectionException: Could not find which method &lt;init&gt;() to invoke from this list:
  public edu.montana.gsoc.msusel.rbml.model.Multiplicity#&lt;init&gt;(int)
  public edu.montana.gsoc.msusel.rbml.model.Multiplicity#&lt;init&gt;(int, int)
	at edu.montana.gsoc.msusel.rbml.factory.IPSFactory.newInstance(IPSFactory.groovy:64)
	at groovy.util.FactoryBuilderSupport.createNode(FactoryBuilderSupport.java:717)
	... 4 more
</failure>
  </testcase>
  <testcase name="testIpsWithContents" classname="edu.montana.gsoc.msusel.rbml.RBMLDslSpec" time="0.006">
    <failure message="groovy.lang.MissingMethodException: No signature of method: static edu.montana.gsoc.msusel.rbml.PatternManager.reset() is applicable for argument types: () values: []&#10;Possible solutions: reset(), use([Ljava.lang.Object;), getAt(java.lang.String), use(java.lang.Class, groovy.lang.Closure), use(java.util.List, groovy.lang.Closure), wait()" type="groovy.lang.MissingMethodException">groovy.lang.MissingMethodException: No signature of method: static edu.montana.gsoc.msusel.rbml.PatternManager.reset() is applicable for argument types: () values: []
Possible solutions: reset(), use([Ljava.lang.Object;), getAt(java.lang.String), use(java.lang.Class, groovy.lang.Closure), use(java.util.List, groovy.lang.Closure), wait()
	at edu.montana.gsoc.msusel.rbml.RBMLDslSpec.testIpsWithContents(RBMLDslSpec.groovy:859)
</failure>
  </testcase>
  <testcase name="testLifelineRole" classname="edu.montana.gsoc.msusel.rbml.RBMLDslSpec" time="0.009">
    <failure message="java.lang.RuntimeException: Failed to create component for 'lifeline' reason: groovy.lang.MissingPropertyException: No such property: current for class: edu.montana.gsoc.msusel.rbml.PatternManager&#10;Possible solutions: current" type="java.lang.RuntimeException">java.lang.RuntimeException: Failed to create component for 'lifeline' reason: groovy.lang.MissingPropertyException: No such property: current for class: edu.montana.gsoc.msusel.rbml.PatternManager
Possible solutions: current
	at groovy.util.FactoryBuilderSupport.createNode(FactoryBuilderSupport.java:727)
	at groovy.util.FactoryBuilderSupport.dispatchNodeCall(FactoryBuilderSupport.java:863)
	at groovy.util.FactoryBuilderSupport.doInvokeMethod(FactoryBuilderSupport.java:787)
	at groovy.util.FactoryBuilderSupport.invokeMethod(FactoryBuilderSupport.java:507)
	at edu.montana.gsoc.msusel.rbml.RBMLDslSpec.testLifelineRole(RBMLDslSpec.groovy:899)
Caused by: groovy.lang.MissingPropertyException: No such property: current for class: edu.montana.gsoc.msusel.rbml.PatternManager
Possible solutions: current
	at edu.montana.gsoc.msusel.rbml.factory.LifelineRoleFactory.newInstance(LifelineRoleFactory.groovy:53)
	at groovy.util.FactoryBuilderSupport.createNode(FactoryBuilderSupport.java:717)
	... 4 more
</failure>
  </testcase>
  <testcase name="testAnonymousLifelineRole" classname="edu.montana.gsoc.msusel.rbml.RBMLDslSpec" time="0.002">
    <failure message="java.lang.RuntimeException: Failed to create component for 'lifeline' reason: groovy.lang.MissingPropertyException: No such property: current for class: edu.montana.gsoc.msusel.rbml.PatternManager&#10;Possible solutions: current" type="java.lang.RuntimeException">java.lang.RuntimeException: Failed to create component for 'lifeline' reason: groovy.lang.MissingPropertyException: No such property: current for class: edu.montana.gsoc.msusel.rbml.PatternManager
Possible solutions: current
	at groovy.util.FactoryBuilderSupport.createNode(FactoryBuilderSupport.java:727)
	at groovy.util.FactoryBuilderSupport.dispatchNodeCall(FactoryBuilderSupport.java:863)
	at groovy.util.FactoryBuilderSupport.doInvokeMethod(FactoryBuilderSupport.java:787)
	at groovy.util.FactoryBuilderSupport.invokeMethod(FactoryBuilderSupport.java:507)
	at edu.montana.gsoc.msusel.rbml.RBMLDslSpec.testAnonymousLifelineRole(RBMLDslSpec.groovy:924)
Caused by: groovy.lang.MissingPropertyException: No such property: current for class: edu.montana.gsoc.msusel.rbml.PatternManager
Possible solutions: current
	at edu.montana.gsoc.msusel.rbml.factory.LifelineRoleFactory.newInstance(LifelineRoleFactory.groovy:53)
	at groovy.util.FactoryBuilderSupport.createNode(FactoryBuilderSupport.java:717)
	... 4 more
</failure>
  </testcase>
  <testcase name="testCallRole" classname="edu.montana.gsoc.msusel.rbml.RBMLDslSpec" time="0.0">
    <failure message="groovy.lang.MissingMethodException: No signature of method: static edu.montana.gsoc.msusel.rbml.PatternManager.reset() is applicable for argument types: () values: []&#10;Possible solutions: reset(), use([Ljava.lang.Object;), getAt(java.lang.String), use(java.lang.Class, groovy.lang.Closure), use(java.util.List, groovy.lang.Closure), wait()" type="groovy.lang.MissingMethodException">groovy.lang.MissingMethodException: No signature of method: static edu.montana.gsoc.msusel.rbml.PatternManager.reset() is applicable for argument types: () values: []
Possible solutions: reset(), use([Ljava.lang.Object;), getAt(java.lang.String), use(java.lang.Class, groovy.lang.Closure), use(java.util.List, groovy.lang.Closure), wait()
	at edu.montana.gsoc.msusel.rbml.RBMLDslSpec.testCallRole(RBMLDslSpec.groovy:945)
</failure>
  </testcase>
  <testcase name="testCreateRole" classname="edu.montana.gsoc.msusel.rbml.RBMLDslSpec" time="0.014">
    <failure message="java.lang.RuntimeException: Failed to create component for 'create_role' reason: groovy.lang.GroovyRuntimeException: Could not find matching constructor for: edu.montana.gsoc.msusel.rbml.model.Create()" type="java.lang.RuntimeException">java.lang.RuntimeException: Failed to create component for 'create_role' reason: groovy.lang.GroovyRuntimeException: Could not find matching constructor for: edu.montana.gsoc.msusel.rbml.model.Create()
	at groovy.util.FactoryBuilderSupport.createNode(FactoryBuilderSupport.java:727)
	at groovy.util.FactoryBuilderSupport.dispatchNodeCall(FactoryBuilderSupport.java:863)
	at groovy.util.FactoryBuilderSupport.doInvokeMethod(FactoryBuilderSupport.java:787)
	at groovy.util.FactoryBuilderSupport.invokeMethod(FactoryBuilderSupport.java:507)
	at edu.montana.gsoc.msusel.rbml.RBMLDslSpec.testCreateRole(RBMLDslSpec.groovy:970)
Caused by: groovy.lang.GroovyRuntimeException: Could not find matching constructor for: edu.montana.gsoc.msusel.rbml.model.Create()
	at edu.montana.gsoc.msusel.rbml.factory.CreateRoleFactory.newInstance(CreateRoleFactory.groovy:46)
	at groovy.util.FactoryBuilderSupport.createNode(FactoryBuilderSupport.java:717)
	... 4 more
</failure>
  </testcase>
  <testcase name="testCallReturnRole" classname="edu.montana.gsoc.msusel.rbml.RBMLDslSpec" time="0.009">
    <failure message="java.lang.RuntimeException: Failed to create component for 'call_return' reason: groovy.lang.MissingPropertyException: No such property: current for class: edu.montana.gsoc.msusel.rbml.PatternManager&#10;Possible solutions: current" type="java.lang.RuntimeException">java.lang.RuntimeException: Failed to create component for 'call_return' reason: groovy.lang.MissingPropertyException: No such property: current for class: edu.montana.gsoc.msusel.rbml.PatternManager
Possible solutions: current
	at groovy.util.FactoryBuilderSupport.createNode(FactoryBuilderSupport.java:727)
	at groovy.util.FactoryBuilderSupport.dispatchNodeCall(FactoryBuilderSupport.java:863)
	at groovy.util.FactoryBuilderSupport.doInvokeMethod(FactoryBuilderSupport.java:787)
	at groovy.util.FactoryBuilderSupport.invokeMethod(FactoryBuilderSupport.java:507)
	at edu.montana.gsoc.msusel.rbml.RBMLDslSpec.testCallReturnRole(RBMLDslSpec.groovy:989)
Caused by: groovy.lang.MissingPropertyException: No such property: current for class: edu.montana.gsoc.msusel.rbml.PatternManager
Possible solutions: current
	at edu.montana.gsoc.msusel.rbml.factory.CallReturnRoleFactory.newInstance(CallReturnRoleFactory.groovy:54)
	at groovy.util.FactoryBuilderSupport.createNode(FactoryBuilderSupport.java:717)
	... 4 more
</failure>
  </testcase>
  <testcase name="testDestroyRole" classname="edu.montana.gsoc.msusel.rbml.RBMLDslSpec" time="0.009">
    <failure message="java.lang.RuntimeException: Failed to create component for 'destroy_role' reason: groovy.lang.MissingPropertyException: No such property: current for class: edu.montana.gsoc.msusel.rbml.PatternManager&#10;Possible solutions: current" type="java.lang.RuntimeException">java.lang.RuntimeException: Failed to create component for 'destroy_role' reason: groovy.lang.MissingPropertyException: No such property: current for class: edu.montana.gsoc.msusel.rbml.PatternManager
Possible solutions: current
	at groovy.util.FactoryBuilderSupport.createNode(FactoryBuilderSupport.java:727)
	at groovy.util.FactoryBuilderSupport.dispatchNodeCall(FactoryBuilderSupport.java:863)
	at groovy.util.FactoryBuilderSupport.doInvokeMethod(FactoryBuilderSupport.java:787)
	at groovy.util.FactoryBuilderSupport.invokeMethod(FactoryBuilderSupport.java:507)
	at edu.montana.gsoc.msusel.rbml.RBMLDslSpec.testDestroyRole(RBMLDslSpec.groovy:1008)
Caused by: groovy.lang.MissingPropertyException: No such property: current for class: edu.montana.gsoc.msusel.rbml.PatternManager
Possible solutions: current
	at edu.montana.gsoc.msusel.rbml.factory.DestroyRoleFactory.newInstance(DestroyRoleFactory.groovy:66)
	at groovy.util.FactoryBuilderSupport.createNode(FactoryBuilderSupport.java:717)
	... 4 more
</failure>
  </testcase>
  <testcase name="testAltFragment" classname="edu.montana.gsoc.msusel.rbml.RBMLDslSpec" time="0.011"/>
  <testcase name="testAltFragmentWithContents" classname="edu.montana.gsoc.msusel.rbml.RBMLDslSpec" time="0.014"/>
  <testcase name="testOptFragment" classname="edu.montana.gsoc.msusel.rbml.RBMLDslSpec" time="0.005"/>
  <testcase name="testOptFragmentWithContents" classname="edu.montana.gsoc.msusel.rbml.RBMLDslSpec" time="0.008"/>
  <testcase name="testLoopFragment" classname="edu.montana.gsoc.msusel.rbml.RBMLDslSpec" time="0.009"/>
  <testcase name="testLoopFragmentWithContents" classname="edu.montana.gsoc.msusel.rbml.RBMLDslSpec" time="0.008"/>
  <testcase name="testBreakFragment" classname="edu.montana.gsoc.msusel.rbml.RBMLDslSpec" time="0.004"/>
  <testcase name="testBreakFragmentWithContents" classname="edu.montana.gsoc.msusel.rbml.RBMLDslSpec" time="0.006"/>
  <testcase name="testParFragment" classname="edu.montana.gsoc.msusel.rbml.RBMLDslSpec" time="0.004"/>
  <testcase name="testParFragmentWithContents" classname="edu.montana.gsoc.msusel.rbml.RBMLDslSpec" time="0.003"/>
  <testcase name="testStrictFragment" classname="edu.montana.gsoc.msusel.rbml.RBMLDslSpec" time="0.004"/>
  <testcase name="testStrictFragmentWithContents" classname="edu.montana.gsoc.msusel.rbml.RBMLDslSpec" time="0.005"/>
  <testcase name="testSeqFragment" classname="edu.montana.gsoc.msusel.rbml.RBMLDslSpec" time="0.004"/>
  <testcase name="testSeqFragmentWithContents" classname="edu.montana.gsoc.msusel.rbml.RBMLDslSpec" time="0.004"/>
  <testcase name="testCriticalFragment" classname="edu.montana.gsoc.msusel.rbml.RBMLDslSpec" time="0.004"/>
  <testcase name="testCriticalFragmentWithContents" classname="edu.montana.gsoc.msusel.rbml.RBMLDslSpec" time="0.005"/>
  <testcase name="testTrace" classname="edu.montana.gsoc.msusel.rbml.RBMLDslSpec" time="0.003"/>
  <testcase name="testTraceWithContents" classname="edu.montana.gsoc.msusel.rbml.RBMLDslSpec" time="0.011">
    <failure message="java.lang.RuntimeException: Failed to create component for 'call_role' reason: groovy.lang.MissingPropertyException: No such property: current for class: edu.montana.gsoc.msusel.rbml.PatternManager&#10;Possible solutions: current" type="java.lang.RuntimeException">java.lang.RuntimeException: Failed to create component for 'call_role' reason: groovy.lang.MissingPropertyException: No such property: current for class: edu.montana.gsoc.msusel.rbml.PatternManager
Possible solutions: current
	at groovy.util.FactoryBuilderSupport.createNode(FactoryBuilderSupport.java:727)
	at groovy.util.FactoryBuilderSupport.dispatchNodeCall(FactoryBuilderSupport.java:863)
	at groovy.util.FactoryBuilderSupport.doInvokeMethod(FactoryBuilderSupport.java:787)
	at groovy.util.FactoryBuilderSupport.invokeMethod(FactoryBuilderSupport.java:507)
	at edu.montana.gsoc.msusel.rbml.RBMLDslSpec.testTraceWithContents_closure31(RBMLDslSpec.groovy:1356)
	at edu.montana.gsoc.msusel.rbml.RBMLDslSpec.testTraceWithContents_closure31(RBMLDslSpec.groovy)
	at groovy.lang.Closure.call(Closure.java:405)
	at groovy.lang.Closure.call(Closure.java:399)
	at groovy.util.FactoryBuilderSupport.dispatchNodeCall(FactoryBuilderSupport.java:895)
	at groovy.util.FactoryBuilderSupport.doInvokeMethod(FactoryBuilderSupport.java:787)
	at groovy.util.FactoryBuilderSupport.invokeMethod(FactoryBuilderSupport.java:507)
	at edu.montana.gsoc.msusel.rbml.RBMLDslSpec.testTraceWithContents(RBMLDslSpec.groovy:1355)
Caused by: groovy.lang.MissingPropertyException: No such property: current for class: edu.montana.gsoc.msusel.rbml.PatternManager
Possible solutions: current
	at edu.montana.gsoc.msusel.rbml.factory.CallRoleFactory.newInstance(CallRoleFactory.groovy:66)
	at groovy.util.FactoryBuilderSupport.createNode(FactoryBuilderSupport.java:717)
	... 11 more
</failure>
  </testcase>
  <testcase name="testPps" classname="edu.montana.gsoc.msusel.rbml.RBMLDslSpec" time="0.008"/>
  <testcase name="testPpsWithContents" classname="edu.montana.gsoc.msusel.rbml.RBMLDslSpec" time="0.01"/>
  <system-out><![CDATA[Creating Classifier with Name: test
Creating new Generalization Hierarchy: Factory
Creating new Generalization Hierarchy: null
Creating Classifier with Name: test
Creating Classifier with Name: class1
]]></system-out>
  <system-err><![CDATA[]]></system-err>
</testsuite>
