<?xml version="1.0" encoding="UTF-8"?>
<testsuite name="edu.montana.gsoc.msusel.rbml.io.SpecificationReaderSpec" tests="63" skipped="0" failures="0" errors="0" timestamp="2019-11-11T03:31:45" hostname="grifisaa-Latitude-7390" time="0.56">
  <properties/>
  <testcase name="processing a class" classname="edu.montana.gsoc.msusel.rbml.io.SpecificationReaderSpec" time="0.127"/>
  <testcase name="processing a null class" classname="edu.montana.gsoc.msusel.rbml.io.SpecificationReaderSpec" time="0.001"/>
  <testcase name="processing a class with given multiplicity" classname="edu.montana.gsoc.msusel.rbml.io.SpecificationReaderSpec" time="0.007"/>
  <testcase name="processing a classifier" classname="edu.montana.gsoc.msusel.rbml.io.SpecificationReaderSpec" time="0.009"/>
  <testcase name="processing a null classifier" classname="edu.montana.gsoc.msusel.rbml.io.SpecificationReaderSpec" time="0.0"/>
  <testcase name="processing a classifier with given multiplicity" classname="edu.montana.gsoc.msusel.rbml.io.SpecificationReaderSpec" time="0.001"/>
  <testcase name="processing an interface" classname="edu.montana.gsoc.msusel.rbml.io.SpecificationReaderSpec" time="0.011"/>
  <testcase name="processing a null interface" classname="edu.montana.gsoc.msusel.rbml.io.SpecificationReaderSpec" time="0.001"/>
  <testcase name="processing a interface with given multiplicity" classname="edu.montana.gsoc.msusel.rbml.io.SpecificationReaderSpec" time="0.002"/>
  <testcase name="processing roles with 3 different types" classname="edu.montana.gsoc.msusel.rbml.io.SpecificationReaderSpec" time="0.044"/>
  <testcase name="processing roles with 3 similar types" classname="edu.montana.gsoc.msusel.rbml.io.SpecificationReaderSpec" time="0.005"/>
  <testcase name="processing null roles" classname="edu.montana.gsoc.msusel.rbml.io.SpecificationReaderSpec" time="0.012"/>
  <testcase name="processing a generalization hierarchy" classname="edu.montana.gsoc.msusel.rbml.io.SpecificationReaderSpec" time="0.022"/>
  <testcase name="processing a null gen hierarchy" classname="edu.montana.gsoc.msusel.rbml.io.SpecificationReaderSpec" time="0.0"/>
  <testcase name="processing an empty gen hierarchy" classname="edu.montana.gsoc.msusel.rbml.io.SpecificationReaderSpec" time="0.001"/>
  <testcase name="processing a gen hierarchy with no main defined" classname="edu.montana.gsoc.msusel.rbml.io.SpecificationReaderSpec" time="0.005"/>
  <testcase name="processing a gen hierarchy with no children" classname="edu.montana.gsoc.msusel.rbml.io.SpecificationReaderSpec" time="0.001"/>
  <testcase name="processing features" classname="edu.montana.gsoc.msusel.rbml.io.SpecificationReaderSpec" time="0.082"/>
  <testcase name="processing features with empty structural feature" classname="edu.montana.gsoc.msusel.rbml.io.SpecificationReaderSpec" time="0.005"/>
  <testcase name="processing features with empty behavioral feature" classname="edu.montana.gsoc.msusel.rbml.io.SpecificationReaderSpec" time="0.003"/>
  <testcase name="processing features with null map" classname="edu.montana.gsoc.msusel.rbml.io.SpecificationReaderSpec" time="0.001"/>
  <testcase name="processing features with null role" classname="edu.montana.gsoc.msusel.rbml.io.SpecificationReaderSpec" time="0.001"/>
  <testcase name="processing behavioral features" classname="edu.montana.gsoc.msusel.rbml.io.SpecificationReaderSpec" time="0.004"/>
  <testcase name="processing an empty behavioral feature" classname="edu.montana.gsoc.msusel.rbml.io.SpecificationReaderSpec" time="0.0"/>
  <testcase name="processing a null behavioral feature" classname="edu.montana.gsoc.msusel.rbml.io.SpecificationReaderSpec" time="0.001"/>
  <testcase name="processing structural features" classname="edu.montana.gsoc.msusel.rbml.io.SpecificationReaderSpec" time="0.003"/>
  <testcase name="processing an empty structural feature" classname="edu.montana.gsoc.msusel.rbml.io.SpecificationReaderSpec" time="0.0"/>
  <testcase name="processing a null structural feature" classname="edu.montana.gsoc.msusel.rbml.io.SpecificationReaderSpec" time="0.001"/>
  <testcase name="processing a generalization" classname="edu.montana.gsoc.msusel.rbml.io.SpecificationReaderSpec" time="0.038"/>
  <testcase name="processing an empty generalization" classname="edu.montana.gsoc.msusel.rbml.io.SpecificationReaderSpec" time="0.001"/>
  <testcase name="processing a null generalization" classname="edu.montana.gsoc.msusel.rbml.io.SpecificationReaderSpec" time="0.0"/>
  <testcase name="processing a realization" classname="edu.montana.gsoc.msusel.rbml.io.SpecificationReaderSpec" time="0.015"/>
  <testcase name="processing an empty realization" classname="edu.montana.gsoc.msusel.rbml.io.SpecificationReaderSpec" time="0.0"/>
  <testcase name="processing a null realization" classname="edu.montana.gsoc.msusel.rbml.io.SpecificationReaderSpec" time="0.001"/>
  <testcase name="processing a association" classname="edu.montana.gsoc.msusel.rbml.io.SpecificationReaderSpec" time="0.024"/>
  <testcase name="processing an association missing the source" classname="edu.montana.gsoc.msusel.rbml.io.SpecificationReaderSpec" time="0.002"/>
  <testcase name="processing an association missing the dest" classname="edu.montana.gsoc.msusel.rbml.io.SpecificationReaderSpec" time="0.001"/>
  <testcase name="processing an empty association" classname="edu.montana.gsoc.msusel.rbml.io.SpecificationReaderSpec" time="0.0"/>
  <testcase name="processing a null association" classname="edu.montana.gsoc.msusel.rbml.io.SpecificationReaderSpec" time="0.001"/>
  <testcase name="processing a composition" classname="edu.montana.gsoc.msusel.rbml.io.SpecificationReaderSpec" time="0.021"/>
  <testcase name="processing a composition missing the source" classname="edu.montana.gsoc.msusel.rbml.io.SpecificationReaderSpec" time="0.001"/>
  <testcase name="processing a composition missing the dest" classname="edu.montana.gsoc.msusel.rbml.io.SpecificationReaderSpec" time="0.003"/>
  <testcase name="processing an empty composition" classname="edu.montana.gsoc.msusel.rbml.io.SpecificationReaderSpec" time="0.001"/>
  <testcase name="processing a null composition" classname="edu.montana.gsoc.msusel.rbml.io.SpecificationReaderSpec" time="0.001"/>
  <testcase name="processing a aggregation" classname="edu.montana.gsoc.msusel.rbml.io.SpecificationReaderSpec" time="0.017"/>
  <testcase name="processing an aggregation missing the source" classname="edu.montana.gsoc.msusel.rbml.io.SpecificationReaderSpec" time="0.001"/>
  <testcase name="processing an aggregation missing the dest" classname="edu.montana.gsoc.msusel.rbml.io.SpecificationReaderSpec" time="0.002"/>
  <testcase name="processing an empty aggregation" classname="edu.montana.gsoc.msusel.rbml.io.SpecificationReaderSpec" time="0.0"/>
  <testcase name="processing a null aggregation" classname="edu.montana.gsoc.msusel.rbml.io.SpecificationReaderSpec" time="0.001"/>
  <testcase name="processing a usage" classname="edu.montana.gsoc.msusel.rbml.io.SpecificationReaderSpec" time="0.015"/>
  <testcase name="processing an empty usage" classname="edu.montana.gsoc.msusel.rbml.io.SpecificationReaderSpec" time="0.0"/>
  <testcase name="processing a null usage" classname="edu.montana.gsoc.msusel.rbml.io.SpecificationReaderSpec" time="0.0"/>
  <testcase name="processing a usage without source" classname="edu.montana.gsoc.msusel.rbml.io.SpecificationReaderSpec" time="0.001"/>
  <testcase name="processing at least one" classname="edu.montana.gsoc.msusel.rbml.io.SpecificationReaderSpec" time="0.0"/>
  <testcase name="processing relations" classname="edu.montana.gsoc.msusel.rbml.io.SpecificationReaderSpec" time="0.012"/>
  <testcase name="processing empty relations" classname="edu.montana.gsoc.msusel.rbml.io.SpecificationReaderSpec" time="0.0"/>
  <testcase name="processing null relations" classname="edu.montana.gsoc.msusel.rbml.io.SpecificationReaderSpec" time="0.001"/>
  <testcase name="processing a SPS" classname="edu.montana.gsoc.msusel.rbml.io.SpecificationReaderSpec" time="0.029"/>
  <testcase name="processing a null SPS" classname="edu.montana.gsoc.msusel.rbml.io.SpecificationReaderSpec" time="0.0"/>
  <testcase name="processing an empty SPS" classname="edu.montana.gsoc.msusel.rbml.io.SpecificationReaderSpec" time="0.0"/>
  <testcase name="processing an SPS missing roles" classname="edu.montana.gsoc.msusel.rbml.io.SpecificationReaderSpec" time="0.004"/>
  <testcase name="processing an SPS missing relations" classname="edu.montana.gsoc.msusel.rbml.io.SpecificationReaderSpec" time="0.002"/>
  <testcase name="processing an SPS missing a name" classname="edu.montana.gsoc.msusel.rbml.io.SpecificationReaderSpec" time="0.003"/>
  <system-out><![CDATA[class org.codehaus.groovy.runtime.MethodClosure
class org.codehaus.groovy.runtime.MethodClosure
class org.codehaus.groovy.runtime.MethodClosure
class org.codehaus.groovy.runtime.MethodClosure
class org.codehaus.groovy.runtime.MethodClosure
class org.codehaus.groovy.runtime.MethodClosure
]]></system-out>
  <system-err><![CDATA[]]></system-err>
</testsuite>
